<?xml version="1.0" encoding="UTF-8"?>
<!-- Generated by org.testng.reporters.JUnitXMLReporter -->
<testsuite hostname="Hasan" name="Employee Details" tests="13" failures="0" timestamp="24 Aug 2021 12:08:54 GMT" time="0.022" errors="0">
  <testcase name="@BeforeTest SetupAndLogin" time="0.0" classname="employeeprofile.EmployeeDetails">
    <failure type="java.lang.IllegalStateException" message="The driver executable does not exist: D:\Hasan\Hasan_Project\Selenium Tools\ChromeDriver\chromedriver.exe">
      <![CDATA[java.lang.IllegalStateException: The driver executable does not exist: D:\Hasan\Hasan_Project\Selenium Tools\ChromeDriver\chromedriver.exe
	at com.google.common.base.Preconditions.checkState(Preconditions.java:585)
	at org.openqa.selenium.remote.service.DriverService.checkExecutable(DriverService.java:137)
	at org.openqa.selenium.remote.service.DriverService.findExecutable(DriverService.java:132)
	at org.openqa.selenium.chrome.ChromeDriverService.access$000(ChromeDriverService.java:35)
	at org.openqa.selenium.chrome.ChromeDriverService$Builder.findDefaultExecutable(ChromeDriverService.java:156)
	at org.openqa.selenium.remote.service.DriverService$Builder.build(DriverService.java:346)
	at org.openqa.selenium.chrome.ChromeDriverService.createDefaultService(ChromeDriverService.java:91)
	at org.openqa.selenium.chrome.ChromeDriver.<init>(ChromeDriver.java:123)
	at admin.LoginLogout.SetupAndLogin(LoginLogout.java:18)
	at java.util.concurrent.FutureTask.run(Unknown Source)
	at java.util.concurrent.ThreadPoolExecutor.runWorker(Unknown Source)
	at java.util.concurrent.ThreadPoolExecutor$Worker.run(Unknown Source)
	at java.lang.Thread.run(Unknown Source)
... Removed 14 stack frames]]>
    </failure>
  </testcase> <!-- @BeforeTest SetupAndLogin -->
  <testcase name="@AfterTest Closed" time="0.0" classname="employeeprofile.EmployeeDetails">
    <skipped/>
  </testcase> <!-- @AfterTest Closed -->
  <testcase name="ClickEmployee" time="0.0" classname="employeeprofile.EmployeeDetails">
    <skipped/>
  </testcase> <!-- ClickEmployee -->
  <testcase name="PersonalInfo" time="0.0" classname="employeeprofile.EmployeeDetails">
    <skipped/>
  </testcase> <!-- PersonalInfo -->
  <testcase name="IdentificationCreate" time="0.0" classname="employeeprofile.EmployeeDetails">
    <skipped/>
  </testcase> <!-- IdentificationCreate -->
  <testcase name="AddressCreate" time="0.0" classname="employeeprofile.EmployeeDetails">
    <skipped/>
  </testcase> <!-- AddressCreate -->
  <testcase name="QualificationCreate" time="0.0" classname="employeeprofile.EmployeeDetails">
    <skipped/>
  </testcase> <!-- QualificationCreate -->
  <testcase name="TrainingAndCertificationCreate" time="0.0" classname="employeeprofile.EmployeeDetails">
    <skipped/>
  </testcase> <!-- TrainingAndCertificationCreate -->
  <testcase name="PreviousExperience" time="0.0" classname="employeeprofile.EmployeeDetails">
    <skipped/>
  </testcase> <!-- PreviousExperience -->
  <testcase name="EmergencyContract" time="0.001" classname="employeeprofile.EmployeeDetails">
    <skipped/>
  </testcase> <!-- EmergencyContract -->
  <testcase name="UploadDocuments" time="0.001" classname="employeeprofile.EmployeeDetails">
    <skipped/>
  </testcase> <!-- UploadDocuments -->
  <testcase name="BankingInfo" time="0.001" classname="employeeprofile.EmployeeDetails">
    <skipped/>
  </testcase> <!-- BankingInfo -->
  <testcase name="LoginSetup" time="0.001" classname="employeeprofile.EmployeeDetails">
    <skipped/>
  </testcase> <!-- LoginSetup -->
  <testcase name="FamilyMembers" time="0.0" classname="employeeprofile.EmployeeDetails">
    <skipped/>
  </testcase> <!-- FamilyMembers -->
  <testcase name="Nominee" time="0.0" classname="employeeprofile.EmployeeDetails">
    <skipped/>
  </testcase> <!-- Nominee -->
</testsuite> <!-- Employee Details -->
